{"level":"info","message":"DB connection established","timestamp":"2018-10-27T11:32:38.493Z"}
{"level":"info","message":"DB connection established","timestamp":"2018-10-27T11:33:54.082Z"}
{"level":"info","message":"DB connection established","timestamp":"2018-10-27T11:35:03.921Z"}
{"level":"info","message":"DB connection established","timestamp":"2018-10-27T11:35:41.869Z"}
{"level":"info","message":"DB connection established","timestamp":"2018-10-27T11:36:20.626Z"}
{"level":"info","message":"DB connection established","timestamp":"2018-10-27T11:37:01.952Z"}
{"level":"info","message":"DB connection established","timestamp":"2018-10-27T11:37:57.102Z"}
{"level":"info","message":"DB connection established","timestamp":"2018-10-27T11:38:40.888Z"}
{"level":"info","message":"DB connection established","timestamp":"2018-10-27T11:39:11.515Z"}
{"level":"info","message":"DB connection established","timestamp":"2018-10-27T11:41:34.903Z"}
{"level":"info","message":"DB connection established","timestamp":"2018-10-27T11:42:24.513Z"}
{"level":"info","message":"DB connection established","timestamp":"2018-10-27T11:43:04.239Z"}
{"level":"info","message":"DB connection established","timestamp":"2018-10-27T11:43:34.493Z"}
{"level":"info","message":"DB connection established","timestamp":"2018-10-27T11:45:12.776Z"}
{"level":"info","message":"DB connection established","timestamp":"2018-10-27T11:46:26.191Z"}
{"level":"info","message":"DB connection established","timestamp":"2018-10-27T11:47:37.297Z"}
{"level":"info","message":"DB connection established","timestamp":"2018-10-27T11:49:24.854Z"}
{"level":"info","message":"DB connection established","timestamp":"2018-10-27T11:50:00.710Z"}
{"level":"info","message":"DB connection established","timestamp":"2018-10-27T11:51:17.165Z"}
{"level":"info","message":"DB connection established","timestamp":"2018-10-27T11:55:27.053Z"}
{"level":"info","message":"DB connection established","timestamp":"2018-10-27T13:35:03.455Z"}
{"level":"info","message":"DB connection established","timestamp":"2018-10-27T13:40:55.673Z"}
{"level":"info","message":"DB connection established","timestamp":"2018-10-27T13:41:17.748Z"}
{"level":"info","message":"DB connection established","timestamp":"2018-10-27T13:43:37.109Z"}
{"level":"info","message":"DB connection established","timestamp":"2018-10-27T13:45:33.107Z"}
{"level":"info","message":"DB connection established","timestamp":"2018-10-27T13:47:22.644Z"}
{"level":"info","message":"DB connection established","timestamp":"2018-10-27T13:51:19.084Z"}
{"level":"info","message":"DB connection established","timestamp":"2018-10-27T13:52:52.426Z"}
{"level":"info","message":"DB connection established","timestamp":"2018-10-27T13:53:24.755Z"}
{"level":"info","message":"DB connection established","timestamp":"2018-10-27T15:10:19.418Z"}
{"level":"info","message":"DB connection established","timestamp":"2018-10-27T15:10:58.567Z"}
{"level":"info","message":"DB connection established","timestamp":"2018-10-27T15:11:10.781Z"}
{"level":"info","message":"DB connection established","timestamp":"2018-10-27T15:11:24.127Z"}
{"level":"info","message":"DB connection established","timestamp":"2018-10-27T15:11:31.905Z"}
{"message":"Cannot read property 'exec' of undefined","stack":"TypeError: Cannot read property 'exec' of undefined\n    at Function.format (/Users/srijan/Documents/Tech/GST App/Node/node_modules/validate.js/validate.js:1007:23)\n    at Function.runValidations (/Users/srijan/Documents/Tech/GST App/Node/node_modules/validate.js/validate.js:129:30)\n    at validate (/Users/srijan/Documents/Tech/GST App/Node/node_modules/validate.js/validate.js:25:21)\n    at validateProduct (/Users/srijan/Documents/Tech/GST App/Node/middlewares/product.validate.js:7:27)\n    at Layer.handle [as handle_request] (/Users/srijan/Documents/Tech/GST App/Node/node_modules/express/lib/router/layer.js:95:5)\n    at next (/Users/srijan/Documents/Tech/GST App/Node/node_modules/express/lib/router/route.js:137:13)\n    at Route.dispatch (/Users/srijan/Documents/Tech/GST App/Node/node_modules/express/lib/router/route.js:112:3)\n    at Layer.handle [as handle_request] (/Users/srijan/Documents/Tech/GST App/Node/node_modules/express/lib/router/layer.js:95:5)\n    at /Users/srijan/Documents/Tech/GST App/Node/node_modules/express/lib/router/index.js:281:22\n    at Function.process_params (/Users/srijan/Documents/Tech/GST App/Node/node_modules/express/lib/router/index.js:335:12)\n    at next (/Users/srijan/Documents/Tech/GST App/Node/node_modules/express/lib/router/index.js:275:10)\n    at Function.handle (/Users/srijan/Documents/Tech/GST App/Node/node_modules/express/lib/router/index.js:174:3)\n    at router (/Users/srijan/Documents/Tech/GST App/Node/node_modules/express/lib/router/index.js:47:12)\n    at Layer.handle [as handle_request] (/Users/srijan/Documents/Tech/GST App/Node/node_modules/express/lib/router/layer.js:95:5)\n    at trim_prefix (/Users/srijan/Documents/Tech/GST App/Node/node_modules/express/lib/router/index.js:317:13)\n    at /Users/srijan/Documents/Tech/GST App/Node/node_modules/express/lib/router/index.js:284:7","level":"error","timestamp":"2018-10-27T15:11:50.877Z"}
{"level":"info","message":"DB connection established","timestamp":"2018-10-27T15:12:09.978Z"}
{"message":"Cannot read property 'exec' of undefined","stack":"TypeError: Cannot read property 'exec' of undefined\n    at Function.format (/Users/srijan/Documents/Tech/GST App/Node/node_modules/validate.js/validate.js:1007:23)\n    at Function.runValidations (/Users/srijan/Documents/Tech/GST App/Node/node_modules/validate.js/validate.js:129:30)\n    at validate (/Users/srijan/Documents/Tech/GST App/Node/node_modules/validate.js/validate.js:25:21)\n    at validateProduct (/Users/srijan/Documents/Tech/GST App/Node/middlewares/product.validate.js:7:27)\n    at Layer.handle [as handle_request] (/Users/srijan/Documents/Tech/GST App/Node/node_modules/express/lib/router/layer.js:95:5)\n    at next (/Users/srijan/Documents/Tech/GST App/Node/node_modules/express/lib/router/route.js:137:13)\n    at Route.dispatch (/Users/srijan/Documents/Tech/GST App/Node/node_modules/express/lib/router/route.js:112:3)\n    at Layer.handle [as handle_request] (/Users/srijan/Documents/Tech/GST App/Node/node_modules/express/lib/router/layer.js:95:5)\n    at /Users/srijan/Documents/Tech/GST App/Node/node_modules/express/lib/router/index.js:281:22\n    at Function.process_params (/Users/srijan/Documents/Tech/GST App/Node/node_modules/express/lib/router/index.js:335:12)\n    at next (/Users/srijan/Documents/Tech/GST App/Node/node_modules/express/lib/router/index.js:275:10)\n    at Function.handle (/Users/srijan/Documents/Tech/GST App/Node/node_modules/express/lib/router/index.js:174:3)\n    at router (/Users/srijan/Documents/Tech/GST App/Node/node_modules/express/lib/router/index.js:47:12)\n    at Layer.handle [as handle_request] (/Users/srijan/Documents/Tech/GST App/Node/node_modules/express/lib/router/layer.js:95:5)\n    at trim_prefix (/Users/srijan/Documents/Tech/GST App/Node/node_modules/express/lib/router/index.js:317:13)\n    at /Users/srijan/Documents/Tech/GST App/Node/node_modules/express/lib/router/index.js:284:7","level":"error","timestamp":"2018-10-27T15:12:13.019Z"}
{"level":"info","message":"DB connection established","timestamp":"2018-10-27T15:12:53.385Z"}
{"message":"Cannot read property 'exec' of undefined","stack":"TypeError: Cannot read property 'exec' of undefined\n    at Function.format (/Users/srijan/Documents/Tech/GST App/Node/node_modules/validate.js/validate.js:1007:23)\n    at Function.runValidations (/Users/srijan/Documents/Tech/GST App/Node/node_modules/validate.js/validate.js:129:30)\n    at validate (/Users/srijan/Documents/Tech/GST App/Node/node_modules/validate.js/validate.js:25:21)\n    at validateProduct (/Users/srijan/Documents/Tech/GST App/Node/middlewares/product.validate.js:7:27)\n    at Layer.handle [as handle_request] (/Users/srijan/Documents/Tech/GST App/Node/node_modules/express/lib/router/layer.js:95:5)\n    at next (/Users/srijan/Documents/Tech/GST App/Node/node_modules/express/lib/router/route.js:137:13)\n    at Route.dispatch (/Users/srijan/Documents/Tech/GST App/Node/node_modules/express/lib/router/route.js:112:3)\n    at Layer.handle [as handle_request] (/Users/srijan/Documents/Tech/GST App/Node/node_modules/express/lib/router/layer.js:95:5)\n    at /Users/srijan/Documents/Tech/GST App/Node/node_modules/express/lib/router/index.js:281:22\n    at Function.process_params (/Users/srijan/Documents/Tech/GST App/Node/node_modules/express/lib/router/index.js:335:12)\n    at next (/Users/srijan/Documents/Tech/GST App/Node/node_modules/express/lib/router/index.js:275:10)\n    at Function.handle (/Users/srijan/Documents/Tech/GST App/Node/node_modules/express/lib/router/index.js:174:3)\n    at router (/Users/srijan/Documents/Tech/GST App/Node/node_modules/express/lib/router/index.js:47:12)\n    at Layer.handle [as handle_request] (/Users/srijan/Documents/Tech/GST App/Node/node_modules/express/lib/router/layer.js:95:5)\n    at trim_prefix (/Users/srijan/Documents/Tech/GST App/Node/node_modules/express/lib/router/index.js:317:13)\n    at /Users/srijan/Documents/Tech/GST App/Node/node_modules/express/lib/router/index.js:284:7","level":"error","timestamp":"2018-10-27T15:12:56.400Z"}
{"level":"info","message":"DB connection established","timestamp":"2018-10-27T15:13:32.260Z"}
{"message":"Unknown validator isNumber","stack":"Error: Unknown validator isNumber\n    at Function.runValidations (/Users/srijan/Documents/Tech/GST App/Node/node_modules/validate.js/validate.js:109:19)\n    at validate (/Users/srijan/Documents/Tech/GST App/Node/node_modules/validate.js/validate.js:25:21)\n    at validateProduct (/Users/srijan/Documents/Tech/GST App/Node/middlewares/product.validate.js:7:27)\n    at Layer.handle [as handle_request] (/Users/srijan/Documents/Tech/GST App/Node/node_modules/express/lib/router/layer.js:95:5)\n    at next (/Users/srijan/Documents/Tech/GST App/Node/node_modules/express/lib/router/route.js:137:13)\n    at Route.dispatch (/Users/srijan/Documents/Tech/GST App/Node/node_modules/express/lib/router/route.js:112:3)\n    at Layer.handle [as handle_request] (/Users/srijan/Documents/Tech/GST App/Node/node_modules/express/lib/router/layer.js:95:5)\n    at /Users/srijan/Documents/Tech/GST App/Node/node_modules/express/lib/router/index.js:281:22\n    at Function.process_params (/Users/srijan/Documents/Tech/GST App/Node/node_modules/express/lib/router/index.js:335:12)\n    at next (/Users/srijan/Documents/Tech/GST App/Node/node_modules/express/lib/router/index.js:275:10)\n    at Function.handle (/Users/srijan/Documents/Tech/GST App/Node/node_modules/express/lib/router/index.js:174:3)\n    at router (/Users/srijan/Documents/Tech/GST App/Node/node_modules/express/lib/router/index.js:47:12)\n    at Layer.handle [as handle_request] (/Users/srijan/Documents/Tech/GST App/Node/node_modules/express/lib/router/layer.js:95:5)\n    at trim_prefix (/Users/srijan/Documents/Tech/GST App/Node/node_modules/express/lib/router/index.js:317:13)\n    at /Users/srijan/Documents/Tech/GST App/Node/node_modules/express/lib/router/index.js:284:7\n    at Function.process_params (/Users/srijan/Documents/Tech/GST App/Node/node_modules/express/lib/router/index.js:335:12)","level":"error","timestamp":"2018-10-27T15:13:34.564Z"}
{"level":"info","message":"DB connection established","timestamp":"2018-10-27T15:13:45.788Z"}
{"message":"Unknown validator isString","stack":"Error: Unknown validator isString\n    at Function.runValidations (/Users/srijan/Documents/Tech/GST App/Node/node_modules/validate.js/validate.js:109:19)\n    at validate (/Users/srijan/Documents/Tech/GST App/Node/node_modules/validate.js/validate.js:25:21)\n    at validateProduct (/Users/srijan/Documents/Tech/GST App/Node/middlewares/product.validate.js:7:27)\n    at Layer.handle [as handle_request] (/Users/srijan/Documents/Tech/GST App/Node/node_modules/express/lib/router/layer.js:95:5)\n    at next (/Users/srijan/Documents/Tech/GST App/Node/node_modules/express/lib/router/route.js:137:13)\n    at Route.dispatch (/Users/srijan/Documents/Tech/GST App/Node/node_modules/express/lib/router/route.js:112:3)\n    at Layer.handle [as handle_request] (/Users/srijan/Documents/Tech/GST App/Node/node_modules/express/lib/router/layer.js:95:5)\n    at /Users/srijan/Documents/Tech/GST App/Node/node_modules/express/lib/router/index.js:281:22\n    at Function.process_params (/Users/srijan/Documents/Tech/GST App/Node/node_modules/express/lib/router/index.js:335:12)\n    at next (/Users/srijan/Documents/Tech/GST App/Node/node_modules/express/lib/router/index.js:275:10)\n    at Function.handle (/Users/srijan/Documents/Tech/GST App/Node/node_modules/express/lib/router/index.js:174:3)\n    at router (/Users/srijan/Documents/Tech/GST App/Node/node_modules/express/lib/router/index.js:47:12)\n    at Layer.handle [as handle_request] (/Users/srijan/Documents/Tech/GST App/Node/node_modules/express/lib/router/layer.js:95:5)\n    at trim_prefix (/Users/srijan/Documents/Tech/GST App/Node/node_modules/express/lib/router/index.js:317:13)\n    at /Users/srijan/Documents/Tech/GST App/Node/node_modules/express/lib/router/index.js:284:7\n    at Function.process_params (/Users/srijan/Documents/Tech/GST App/Node/node_modules/express/lib/router/index.js:335:12)","level":"error","timestamp":"2018-10-27T15:13:48.421Z"}
{"level":"info","message":"DB connection established","timestamp":"2018-10-27T15:14:10.438Z"}
{"message":"Unknown validator formet","stack":"Error: Unknown validator formet\n    at Function.runValidations (/Users/srijan/Documents/Tech/GST App/Node/node_modules/validate.js/validate.js:109:19)\n    at validate (/Users/srijan/Documents/Tech/GST App/Node/node_modules/validate.js/validate.js:25:21)\n    at validateProduct (/Users/srijan/Documents/Tech/GST App/Node/middlewares/product.validate.js:7:27)\n    at Layer.handle [as handle_request] (/Users/srijan/Documents/Tech/GST App/Node/node_modules/express/lib/router/layer.js:95:5)\n    at next (/Users/srijan/Documents/Tech/GST App/Node/node_modules/express/lib/router/route.js:137:13)\n    at Route.dispatch (/Users/srijan/Documents/Tech/GST App/Node/node_modules/express/lib/router/route.js:112:3)\n    at Layer.handle [as handle_request] (/Users/srijan/Documents/Tech/GST App/Node/node_modules/express/lib/router/layer.js:95:5)\n    at /Users/srijan/Documents/Tech/GST App/Node/node_modules/express/lib/router/index.js:281:22\n    at Function.process_params (/Users/srijan/Documents/Tech/GST App/Node/node_modules/express/lib/router/index.js:335:12)\n    at next (/Users/srijan/Documents/Tech/GST App/Node/node_modules/express/lib/router/index.js:275:10)\n    at Function.handle (/Users/srijan/Documents/Tech/GST App/Node/node_modules/express/lib/router/index.js:174:3)\n    at router (/Users/srijan/Documents/Tech/GST App/Node/node_modules/express/lib/router/index.js:47:12)\n    at Layer.handle [as handle_request] (/Users/srijan/Documents/Tech/GST App/Node/node_modules/express/lib/router/layer.js:95:5)\n    at trim_prefix (/Users/srijan/Documents/Tech/GST App/Node/node_modules/express/lib/router/index.js:317:13)\n    at /Users/srijan/Documents/Tech/GST App/Node/node_modules/express/lib/router/index.js:284:7\n    at Function.process_params (/Users/srijan/Documents/Tech/GST App/Node/node_modules/express/lib/router/index.js:335:12)","level":"error","timestamp":"2018-10-27T15:14:14.927Z"}
{"level":"info","message":"DB connection established","timestamp":"2018-10-27T15:14:23.308Z"}
{"message":"Unknown validator isNumber","stack":"Error: Unknown validator isNumber\n    at Function.runValidations (/Users/srijan/Documents/Tech/GST App/Node/node_modules/validate.js/validate.js:109:19)\n    at validate (/Users/srijan/Documents/Tech/GST App/Node/node_modules/validate.js/validate.js:25:21)\n    at validateProduct (/Users/srijan/Documents/Tech/GST App/Node/middlewares/product.validate.js:7:27)\n    at Layer.handle [as handle_request] (/Users/srijan/Documents/Tech/GST App/Node/node_modules/express/lib/router/layer.js:95:5)\n    at next (/Users/srijan/Documents/Tech/GST App/Node/node_modules/express/lib/router/route.js:137:13)\n    at Route.dispatch (/Users/srijan/Documents/Tech/GST App/Node/node_modules/express/lib/router/route.js:112:3)\n    at Layer.handle [as handle_request] (/Users/srijan/Documents/Tech/GST App/Node/node_modules/express/lib/router/layer.js:95:5)\n    at /Users/srijan/Documents/Tech/GST App/Node/node_modules/express/lib/router/index.js:281:22\n    at Function.process_params (/Users/srijan/Documents/Tech/GST App/Node/node_modules/express/lib/router/index.js:335:12)\n    at next (/Users/srijan/Documents/Tech/GST App/Node/node_modules/express/lib/router/index.js:275:10)\n    at Function.handle (/Users/srijan/Documents/Tech/GST App/Node/node_modules/express/lib/router/index.js:174:3)\n    at router (/Users/srijan/Documents/Tech/GST App/Node/node_modules/express/lib/router/index.js:47:12)\n    at Layer.handle [as handle_request] (/Users/srijan/Documents/Tech/GST App/Node/node_modules/express/lib/router/layer.js:95:5)\n    at trim_prefix (/Users/srijan/Documents/Tech/GST App/Node/node_modules/express/lib/router/index.js:317:13)\n    at /Users/srijan/Documents/Tech/GST App/Node/node_modules/express/lib/router/index.js:284:7\n    at Function.process_params (/Users/srijan/Documents/Tech/GST App/Node/node_modules/express/lib/router/index.js:335:12)","level":"error","timestamp":"2018-10-27T15:14:26.092Z"}
{"level":"info","message":"DB connection established","timestamp":"2018-10-27T15:14:43.602Z"}
{"message":"Cannot read property 'exec' of undefined","stack":"TypeError: Cannot read property 'exec' of undefined\n    at Function.format (/Users/srijan/Documents/Tech/GST App/Node/node_modules/validate.js/validate.js:1007:23)\n    at Function.runValidations (/Users/srijan/Documents/Tech/GST App/Node/node_modules/validate.js/validate.js:129:30)\n    at validate (/Users/srijan/Documents/Tech/GST App/Node/node_modules/validate.js/validate.js:25:21)\n    at validateProduct (/Users/srijan/Documents/Tech/GST App/Node/middlewares/product.validate.js:7:27)\n    at Layer.handle [as handle_request] (/Users/srijan/Documents/Tech/GST App/Node/node_modules/express/lib/router/layer.js:95:5)\n    at next (/Users/srijan/Documents/Tech/GST App/Node/node_modules/express/lib/router/route.js:137:13)\n    at Route.dispatch (/Users/srijan/Documents/Tech/GST App/Node/node_modules/express/lib/router/route.js:112:3)\n    at Layer.handle [as handle_request] (/Users/srijan/Documents/Tech/GST App/Node/node_modules/express/lib/router/layer.js:95:5)\n    at /Users/srijan/Documents/Tech/GST App/Node/node_modules/express/lib/router/index.js:281:22\n    at Function.process_params (/Users/srijan/Documents/Tech/GST App/Node/node_modules/express/lib/router/index.js:335:12)\n    at next (/Users/srijan/Documents/Tech/GST App/Node/node_modules/express/lib/router/index.js:275:10)\n    at Function.handle (/Users/srijan/Documents/Tech/GST App/Node/node_modules/express/lib/router/index.js:174:3)\n    at router (/Users/srijan/Documents/Tech/GST App/Node/node_modules/express/lib/router/index.js:47:12)\n    at Layer.handle [as handle_request] (/Users/srijan/Documents/Tech/GST App/Node/node_modules/express/lib/router/layer.js:95:5)\n    at trim_prefix (/Users/srijan/Documents/Tech/GST App/Node/node_modules/express/lib/router/index.js:317:13)\n    at /Users/srijan/Documents/Tech/GST App/Node/node_modules/express/lib/router/index.js:284:7","level":"error","timestamp":"2018-10-27T15:14:46.141Z"}
{"level":"info","message":"DB connection established","timestamp":"2018-10-27T15:15:10.283Z"}
{"level":"info","message":"DB connection established","timestamp":"2018-10-27T15:15:30.042Z"}
{"level":"info","message":"DB connection established","timestamp":"2018-10-27T15:15:39.712Z"}
{"message":"Unknown validator isNumber","stack":"Error: Unknown validator isNumber\n    at Function.runValidations (/Users/srijan/Documents/Tech/GST App/Node/node_modules/validate.js/validate.js:109:19)\n    at validate (/Users/srijan/Documents/Tech/GST App/Node/node_modules/validate.js/validate.js:25:21)\n    at validateProduct (/Users/srijan/Documents/Tech/GST App/Node/middlewares/product.validate.js:7:27)\n    at Layer.handle [as handle_request] (/Users/srijan/Documents/Tech/GST App/Node/node_modules/express/lib/router/layer.js:95:5)\n    at next (/Users/srijan/Documents/Tech/GST App/Node/node_modules/express/lib/router/route.js:137:13)\n    at Route.dispatch (/Users/srijan/Documents/Tech/GST App/Node/node_modules/express/lib/router/route.js:112:3)\n    at Layer.handle [as handle_request] (/Users/srijan/Documents/Tech/GST App/Node/node_modules/express/lib/router/layer.js:95:5)\n    at /Users/srijan/Documents/Tech/GST App/Node/node_modules/express/lib/router/index.js:281:22\n    at Function.process_params (/Users/srijan/Documents/Tech/GST App/Node/node_modules/express/lib/router/index.js:335:12)\n    at next (/Users/srijan/Documents/Tech/GST App/Node/node_modules/express/lib/router/index.js:275:10)\n    at Function.handle (/Users/srijan/Documents/Tech/GST App/Node/node_modules/express/lib/router/index.js:174:3)\n    at router (/Users/srijan/Documents/Tech/GST App/Node/node_modules/express/lib/router/index.js:47:12)\n    at Layer.handle [as handle_request] (/Users/srijan/Documents/Tech/GST App/Node/node_modules/express/lib/router/layer.js:95:5)\n    at trim_prefix (/Users/srijan/Documents/Tech/GST App/Node/node_modules/express/lib/router/index.js:317:13)\n    at /Users/srijan/Documents/Tech/GST App/Node/node_modules/express/lib/router/index.js:284:7\n    at Function.process_params (/Users/srijan/Documents/Tech/GST App/Node/node_modules/express/lib/router/index.js:335:12)","level":"error","timestamp":"2018-10-27T15:15:41.889Z"}
{"level":"info","message":"DB connection established","timestamp":"2018-10-27T15:15:47.933Z"}
{"message":"Cannot read property 'exec' of undefined","stack":"TypeError: Cannot read property 'exec' of undefined\n    at Function.format (/Users/srijan/Documents/Tech/GST App/Node/node_modules/validate.js/validate.js:1007:23)\n    at Function.runValidations (/Users/srijan/Documents/Tech/GST App/Node/node_modules/validate.js/validate.js:129:30)\n    at validate (/Users/srijan/Documents/Tech/GST App/Node/node_modules/validate.js/validate.js:25:21)\n    at validateProduct (/Users/srijan/Documents/Tech/GST App/Node/middlewares/product.validate.js:7:27)\n    at Layer.handle [as handle_request] (/Users/srijan/Documents/Tech/GST App/Node/node_modules/express/lib/router/layer.js:95:5)\n    at next (/Users/srijan/Documents/Tech/GST App/Node/node_modules/express/lib/router/route.js:137:13)\n    at Route.dispatch (/Users/srijan/Documents/Tech/GST App/Node/node_modules/express/lib/router/route.js:112:3)\n    at Layer.handle [as handle_request] (/Users/srijan/Documents/Tech/GST App/Node/node_modules/express/lib/router/layer.js:95:5)\n    at /Users/srijan/Documents/Tech/GST App/Node/node_modules/express/lib/router/index.js:281:22\n    at Function.process_params (/Users/srijan/Documents/Tech/GST App/Node/node_modules/express/lib/router/index.js:335:12)\n    at next (/Users/srijan/Documents/Tech/GST App/Node/node_modules/express/lib/router/index.js:275:10)\n    at Function.handle (/Users/srijan/Documents/Tech/GST App/Node/node_modules/express/lib/router/index.js:174:3)\n    at router (/Users/srijan/Documents/Tech/GST App/Node/node_modules/express/lib/router/index.js:47:12)\n    at Layer.handle [as handle_request] (/Users/srijan/Documents/Tech/GST App/Node/node_modules/express/lib/router/layer.js:95:5)\n    at trim_prefix (/Users/srijan/Documents/Tech/GST App/Node/node_modules/express/lib/router/index.js:317:13)\n    at /Users/srijan/Documents/Tech/GST App/Node/node_modules/express/lib/router/index.js:284:7","level":"error","timestamp":"2018-10-27T15:15:51.129Z"}
{"level":"info","message":"DB connection established","timestamp":"2018-10-27T15:16:06.273Z"}
{"level":"info","message":"DB connection established","timestamp":"2018-10-27T15:19:57.619Z"}
{"level":"info","message":"DB connection established","timestamp":"2018-10-27T18:58:19.225Z"}
{"level":"info","message":"DB connection established","timestamp":"2018-10-27T18:58:48.036Z"}
{"level":"info","message":"DB connection established","timestamp":"2018-10-27T19:19:46.210Z"}
{"level":"info","message":"DB connection established","timestamp":"2018-10-27T19:20:36.675Z"}
{"level":"info","message":"DB connection established","timestamp":"2018-10-27T19:21:33.017Z"}
{"level":"info","message":"DB connection established","timestamp":"2018-10-27T19:22:14.780Z"}
{"level":"info","message":"DB connection established","timestamp":"2018-10-27T19:22:36.771Z"}
{"level":"info","message":"DB connection established","timestamp":"2018-10-27T19:22:52.599Z"}
{"level":"info","message":"DB connection established","timestamp":"2018-10-27T19:24:05.707Z"}
{"level":"info","message":"DB connection established","timestamp":"2018-10-27T19:24:42.166Z"}
{"level":"info","message":"DB connection established","timestamp":"2018-10-27T19:25:19.805Z"}
{"level":"info","message":"DB connection established","timestamp":"2018-10-27T19:26:20.399Z"}
{"level":"info","message":"DB connection established","timestamp":"2018-10-27T19:27:59.909Z"}
{"level":"info","message":"DB connection established","timestamp":"2018-10-27T19:29:21.706Z"}
{"level":"info","message":"DB connection established","timestamp":"2018-10-27T19:29:51.443Z"}
{"level":"info","message":"DB connection established","timestamp":"2018-10-27T19:30:10.855Z"}
{"level":"info","message":"DB connection established","timestamp":"2018-10-27T19:30:40.206Z"}
{"level":"info","message":"DB connection established","timestamp":"2018-10-27T19:31:16.274Z"}
{"level":"info","message":"DB connection established","timestamp":"2018-10-27T19:31:59.788Z"}
{"level":"info","message":"DB connection established","timestamp":"2018-10-27T19:32:31.575Z"}
{"level":"info","message":"DB connection established","timestamp":"2018-10-27T19:33:52.577Z"}
{"level":"info","message":"DB connection established","timestamp":"2018-10-27T19:35:23.436Z"}
{"level":"info","message":"DB connection established","timestamp":"2018-10-27T19:36:03.785Z"}
{"level":"info","message":"DB connection established","timestamp":"2018-10-27T19:37:31.472Z"}
{"level":"info","message":"DB connection established","timestamp":"2018-10-27T19:38:31.329Z"}
{"level":"info","message":"DB connection established","timestamp":"2018-10-27T19:39:30.060Z"}
{"level":"info","message":"DB connection established","timestamp":"2018-10-27T19:39:45.302Z"}
{"level":"info","message":"DB connection established","timestamp":"2018-10-27T19:39:54.429Z"}
{"level":"info","message":"DB connection established","timestamp":"2018-10-27T19:40:11.296Z"}
{"level":"info","message":"DB connection established","timestamp":"2018-10-27T19:40:27.088Z"}
{"level":"info","message":"DB connection established","timestamp":"2018-10-28T04:00:31.761Z"}
{"level":"info","message":"DB connection established","timestamp":"2018-10-28T04:08:48.834Z"}
{"level":"info","message":"DB connection established","timestamp":"2018-10-28T04:09:09.189Z"}
{"level":"info","message":"DB connection established","timestamp":"2018-10-28T04:10:10.084Z"}
{"level":"info","message":"DB connection established","timestamp":"2018-10-28T04:12:17.648Z"}
{"level":"info","message":"DB connection established","timestamp":"2018-10-28T04:20:27.165Z"}
{"level":"info","message":"DB connection established","timestamp":"2018-10-28T07:05:40.412Z"}
{"level":"info","message":"DB connection established","timestamp":"2018-10-28T10:08:39.574Z"}
{"level":"info","message":"DB connection established","timestamp":"2018-10-28T10:10:10.062Z"}
{"level":"info","message":"DB connection established","timestamp":"2018-10-28T10:12:27.435Z"}
{"level":"info","message":"DB connection established","timestamp":"2018-10-28T10:12:34.096Z"}
{"level":"info","message":"DB connection established","timestamp":"2018-10-28T10:13:24.662Z"}
{"level":"info","message":"DB connection established","timestamp":"2018-10-28T10:13:48.419Z"}
{"level":"info","message":"DB connection established","timestamp":"2018-10-28T10:17:01.967Z"}
{"level":"info","message":"DB connection established","timestamp":"2018-10-28T10:22:59.311Z"}
{"level":"info","message":"DB connection established","timestamp":"2018-10-28T10:23:06.565Z"}
{"level":"info","message":"DB connection established","timestamp":"2018-10-28T10:23:14.347Z"}
{"level":"info","message":"DB connection established","timestamp":"2018-10-28T10:23:42.578Z"}
{"level":"info","message":"DB connection established","timestamp":"2018-10-28T10:23:53.262Z"}
{"level":"info","message":"DB connection established","timestamp":"2018-10-28T10:24:06.804Z"}
{"level":"info","message":"DB connection established","timestamp":"2018-10-28T10:24:10.373Z"}
{"level":"info","message":"DB connection established","timestamp":"2018-10-28T10:55:12.300Z"}
{"level":"info","message":"DB connection established","timestamp":"2018-10-28T11:22:11.797Z"}
{"level":"info","message":"DB connection established","timestamp":"2018-10-28T11:22:16.130Z"}
{"level":"info","message":"DB connection established","timestamp":"2018-10-28T11:22:44.696Z"}
{"level":"info","message":"DB connection established","timestamp":"2018-10-28T11:22:55.956Z"}
{"level":"info","message":"DB connection established","timestamp":"2018-10-28T11:23:07.749Z"}
{"level":"info","message":"DB connection established","timestamp":"2018-10-28T11:23:42.460Z"}
{"level":"info","message":"DB connection established","timestamp":"2018-10-28T11:23:53.157Z"}
{"level":"info","message":"DB connection established","timestamp":"2018-10-28T11:24:07.176Z"}
{"level":"info","message":"DB connection established","timestamp":"2018-10-28T11:24:16.359Z"}
{"level":"info","message":"DB connection established","timestamp":"2018-10-28T11:24:31.321Z"}
{"level":"info","message":"DB connection established","timestamp":"2018-10-28T11:25:03.314Z"}
{"level":"info","message":"DB connection established","timestamp":"2018-10-28T11:25:09.993Z"}
{"level":"info","message":"DB connection established","timestamp":"2018-10-28T11:25:25.251Z"}
{"level":"info","message":"DB connection established","timestamp":"2018-10-28T11:25:26.814Z"}
{"level":"info","message":"DB connection established","timestamp":"2018-10-28T11:26:26.493Z"}
{"level":"info","message":"DB connection established","timestamp":"2018-10-28T11:28:54.922Z"}
{"level":"info","message":"DB connection established","timestamp":"2018-10-28T11:29:17.851Z"}
{"level":"info","message":"DB connection established","timestamp":"2018-10-28T11:29:35.872Z"}
{"level":"info","message":"DB connection established","timestamp":"2018-10-28T11:29:41.384Z"}
{"level":"info","message":"DB connection established","timestamp":"2018-10-28T11:30:10.217Z"}
{"level":"info","message":"DB connection established","timestamp":"2018-10-28T11:31:18.561Z"}
{"level":"info","message":"DB connection established","timestamp":"2018-10-28T11:32:05.939Z"}
{"level":"info","message":"DB connection established","timestamp":"2018-10-28T11:32:12.860Z"}
{"level":"info","message":"DB connection established","timestamp":"2018-10-28T11:32:18.910Z"}
{"level":"info","message":"DB connection established","timestamp":"2018-10-28T11:33:52.503Z"}
{"level":"info","message":"DB connection established","timestamp":"2018-10-28T11:34:04.020Z"}
{"level":"info","message":"DB connection established","timestamp":"2018-10-28T11:34:20.932Z"}
{"level":"info","message":"DB connection established","timestamp":"2018-10-28T11:34:45.573Z"}
{"level":"info","message":"DB connection established","timestamp":"2018-10-28T11:35:02.353Z"}
{"level":"info","message":"DB connection established","timestamp":"2018-10-28T11:35:13.411Z"}
{"level":"info","message":"DB connection established","timestamp":"2018-10-28T11:36:05.232Z"}
{"level":"info","message":"DB connection established","timestamp":"2018-10-29T06:04:08.507Z"}
{"level":"info","message":"DB connection established","timestamp":"2018-10-29T10:32:08.794Z"}
{"level":"info","message":"DB connection established","timestamp":"2018-10-29T10:32:29.719Z"}
{"level":"info","message":"DB connection established","timestamp":"2018-10-29T10:33:03.759Z"}
{"level":"info","message":"DB connection established","timestamp":"2018-10-29T10:33:19.327Z"}
{"level":"info","message":"DB connection established","timestamp":"2018-10-29T10:35:51.742Z"}
{"level":"info","message":"DB connection established","timestamp":"2018-10-29T10:40:49.643Z"}
{"level":"info","message":"DB connection established","timestamp":"2018-10-29T10:42:48.417Z"}
{"level":"info","message":"DB connection established","timestamp":"2018-10-29T10:45:20.911Z"}
{"level":"info","message":"DB connection established","timestamp":"2018-10-29T10:46:45.024Z"}
{"level":"info","message":"DB connection established","timestamp":"2018-10-29T10:51:35.680Z"}
{"level":"info","message":"DB connection established","timestamp":"2018-10-29T10:53:27.955Z"}
